<?xml version="1.0" encoding="UTF-8"?>
<!-- Generated by org.testng.reporters.JUnitXMLReporter -->
<testsuite hostname="Anusha-PC" ignored="1" name="Test" tests="5" failures="0" timestamp="31 Jan 2018 05:32:15 GMT" time="0.119" errors="0">
  <testcase name="m1" time="0.073" classname="Maven.test1Test"/>
  <testcase name="m3" time="0.0" classname="Maven.test2Test"/>
  <testcase name="m4" time="0.001" classname="Maven.test2Test"/>
  <testcase name="m5" time="0.001" classname="Maven.test3Test"/>
  <testcase name="m6" time="0.0" classname="Maven.test3Test"/>
  <testcase name="m11" time="0.0" classname="Maven.test1Test">
    <ignored/>
  </testcase> <!-- m11 -->
</testsuite> <!-- Test -->
